<?xml version="1.0" encoding="UTF-8"?>
<!-- Generated by org.testng.reporters.JUnitReportReporter -->
<testsuite hostname="DESKTOP-AUGHFJE" failures="0" tests="7" name="Gsreaady.Gsreaady.regr" time="52.682" errors="1" timestamp="2023-02-25T16:45:36 IST" skipped="0">
  <testcase classname="Gsreaady.Gsreaady.regr" name="verifyLaunchApp" time="5.723"/>
  <system-out/>
  <testcase classname="Gsreaady.Gsreaady.regr" name="verifyElements" time="9.307"/>
  <system-out/>
  <testcase classname="Gsreaady.Gsreaady.regr" name="verifyPageReditriction" time="7.139"/>
  <system-out/>
  <testcase classname="Gsreaady.Gsreaady.regr" name="verifyAdminLogin" time="7.253"/>
  <system-out/>
  <testcase classname="Gsreaady.Gsreaady.regr" name="verifyLoggOff" time="12.004"/>
  <system-out/>
  <testcase classname="Gsreaady.Gsreaady.regr" name="verifyErrorMsg" time="3.927"/>
  <system-out/>
  <testcase classname="Gsreaady.Gsreaady.regr" name="adminLoginLocking" time="7.329">
    <error message="Stream closed" type="java.io.IOException">
      <![CDATA[java.io.IOException: Stream closed
at java.base/java.io.BufferedReader.ensureOpen(BufferedReader.java:123)
at java.base/java.io.BufferedReader.readLine(BufferedReader.java:321)
at java.base/java.io.BufferedReader.readLine(BufferedReader.java:396)
at Gsreaady.Gsreaady.regr.adminLoginLocking(regr.java:95)
at java.base/jdk.internal.reflect.DirectMethodHandleAccessor.invoke(DirectMethodHandleAccessor.java:104)
at java.base/java.lang.reflect.Method.invoke(Method.java:577)
at org.testng.internal.MethodInvocationHelper.invokeMethod(MethodInvocationHelper.java:133)
at org.testng.internal.TestInvoker.invokeMethod(TestInvoker.java:598)
at org.testng.internal.TestInvoker.invokeTestMethod(TestInvoker.java:173)
at org.testng.internal.MethodRunner.runInSequence(MethodRunner.java:46)
at org.testng.internal.TestInvoker$MethodInvocationAgent.invoke(TestInvoker.java:824)
at org.testng.internal.TestInvoker.invokeTestMethods(TestInvoker.java:146)
at org.testng.internal.TestMethodWorker.invokeTestMethods(TestMethodWorker.java:146)
at org.testng.internal.TestMethodWorker.run(TestMethodWorker.java:128)
at java.base/java.util.ArrayList.forEach(ArrayList.java:1511)
at org.testng.TestRunner.privateRun(TestRunner.java:794)
at org.testng.TestRunner.run(TestRunner.java:596)
at org.testng.SuiteRunner.runTest(SuiteRunner.java:377)
at org.testng.SuiteRunner.runSequentially(SuiteRunner.java:371)
at org.testng.SuiteRunner.privateRun(SuiteRunner.java:332)
at org.testng.SuiteRunner.run(SuiteRunner.java:276)
at org.testng.SuiteRunnerWorker.runSuite(SuiteRunnerWorker.java:53)
at org.testng.SuiteRunnerWorker.run(SuiteRunnerWorker.java:96)
at org.testng.TestNG.runSuitesSequentially(TestNG.java:1212)
at org.testng.TestNG.runSuitesLocally(TestNG.java:1134)
at org.testng.TestNG.runSuites(TestNG.java:1063)
at org.testng.TestNG.run(TestNG.java:1031)
at org.testng.remote.AbstractRemoteTestNG.run(AbstractRemoteTestNG.java:115)
at org.testng.remote.RemoteTestNG.initAndRun(RemoteTestNG.java:251)
at org.testng.remote.RemoteTestNG.main(RemoteTestNG.java:77)
]]>
    </error>
  </testcase> <!-- adminLoginLocking -->
  <system-out/>
</testsuite> <!-- Gsreaady.Gsreaady.regr -->
