<?xml version="1.0" encoding="UTF-8"?>
<!-- Generated by org.testng.reporters.JUnitReportReporter -->
<testsuite hostname="DESKTOP-AUGHFJE" failures="0" tests="9" name="Gsreaady.Gsreaady.guru99" time="109.158" errors="0" timestamp="2023-03-11T17:23:49 IST" skipped="0">
  <testcase classname="Gsreaady.Gsreaady.guru99" name="validateTitle" time="11.258"/>
  <system-out/>
  <testcase classname="Gsreaady.Gsreaady.guru99" name="validateLink" time="9.587"/>
  <system-out/>
  <testcase classname="Gsreaady.Gsreaady.guru99" name="clikAndValidateBuyOptions" time="10.753"/>
  <system-out/>
  <testcase classname="Gsreaady.Gsreaady.guru99" name="logoIsDisplay" time="11.237"/>
  <system-out/>
  <testcase classname="Gsreaady.Gsreaady.guru99" name="placeOrder" time="14.205"/>
  <system-out/>
  <testcase classname="Gsreaady.Gsreaady.guru99" name="genrateCreditCard" time="12.883"/>
  <system-out/>
  <testcase classname="Gsreaady.Gsreaady.guru99" name="toCheckTheCvvNumber" time="12.565"/>
  <system-out/>
  <testcase classname="Gsreaady.Gsreaady.guru99" name="toCheckCreditCardLimit" time="10.220"/>
  <system-out/>
  <testcase classname="Gsreaady.Gsreaady.guru99" name="verifyCartOptions" time="16.450"/>
  <system-out/>
</testsuite> <!-- Gsreaady.Gsreaady.guru99 -->
