<?xml version="1.0" encoding="UTF-8"?>
<!-- Generated by org.testng.reporters.JUnitReportReporter -->
<testsuite hostname="DESKTOP-AUGHFJE" failures="0" tests="10" name="Gsreaady.Gsreaady.guru99" time="110.812" errors="0" timestamp="2023-03-12T08:49:00 IST" skipped="0">
  <testcase classname="Gsreaady.Gsreaady.guru99" name="validateTitle" time="9.982"/>
  <system-out/>
  <testcase classname="Gsreaady.Gsreaady.guru99" name="validateLink" time="11.271"/>
  <system-out/>
  <testcase classname="Gsreaady.Gsreaady.guru99" name="clikAndValidateBuyOptions" time="10.302"/>
  <system-out/>
  <testcase classname="Gsreaady.Gsreaady.guru99" name="logoIsDisplay" time="9.650"/>
  <system-out/>
  <testcase classname="Gsreaady.Gsreaady.guru99" name="placeOrder" time="14.043"/>
  <system-out/>
  <testcase classname="Gsreaady.Gsreaady.guru99" name="genrateCreditCard" time="13.040"/>
  <system-out/>
  <testcase classname="Gsreaady.Gsreaady.guru99" name="toCheckTheCvvNumber" time="11.936"/>
  <system-out/>
  <testcase classname="Gsreaady.Gsreaady.guru99" name="toCheckCreditCardLimit" time="10.587"/>
  <system-out/>
  <testcase classname="Gsreaady.Gsreaady.guru99" name="verifyCartOptions" time="12.663"/>
  <system-out/>
  <testcase classname="Gsreaady.Gsreaady.guru99" name="checkCreditCardBalance" time="7.338"/>
  <system-out/>
</testsuite> <!-- Gsreaady.Gsreaady.guru99 -->
